2022-10-06 20:36:24 PRIVILEGES DROPPED:"User:"
"hmw"
"UID:"
1000
"GID:"
1000
2022-10-06 20:36:26 UPGRADE"undefined::ffff:84.113.100.7:44452"
2022-10-06 20:36:29 UPGRADE"undefined::ffff:84.113.100.7:44464"
2022-10-06 20:39:42 PRIVILEGES DROPPED:"User:"
"hmw"
"UID:"
1000
"GID:"
1000
2022-10-06 20:39:55 UPGRADE"::ffff:84.113.100.7:43086"
2022-10-06 20:43:12 PRIVILEGES DROPPED:"User:"
"hmw"
"UID:"
1000
"GID:"
1000
2022-10-06 20:43:35 PRIVILEGES DROPPED:"User:"
"hmw"
"UID:"
1000
"GID:"
1000
2022-10-07 23:42:38 PRIVILEGES DROPPED:"User:"
"hmw"
"UID:"
1000
"GID:"
1000
2022-10-07 23:42:38 REQUIRE"../application/app_main.js"
2022-10-07 23:42:38 REQUIRE"../application/test.js"
2022-10-07 23:42:38 REQUIRE"../application/test/test.js"
